[14Mar2021 13:11:02.629] [main/INFO] [cpw.mods.modlauncher.Launcher/MODLAUNCHER]: ModLauncher running: args [--launchTarget, fmlclient, --fml.forgeVersion, 35.1.4, --fml.mcVersion, 1.16.4, --fml.forgeGroup, net.minecraftforge, --fml.mcpVersion, 20201102.104115, --assetsDir, /home/stoozy/Downloads/sml/target/debug/instances/All the Mods 6-1.3.6/assets/, --gameDir, /home/stoozy/Downloads/sml/target/debug/instances/All the Mods 6-1.3.6]
[14Mar2021 13:11:02.632] [main/INFO] [cpw.mods.modlauncher.Launcher/MODLAUNCHER]: ModLauncher 8.0.6+85+master.325de55 starting: java version 1.8.0_252 by IcedTea
[14Mar2021 13:11:02.791] [main/INFO] [net.minecraftforge.fml.loading.FixSSL/CORE]: Added Lets Encrypt root certificates as additional trust
[14Mar2021 13:11:02.824] [main/INFO] [mixin/]: SpongePowered MIXIN Subsystem Version=0.8.2 Source=file:/home/stoozy/Downloads/sml/target/debug/instances/All%20the%20Mods%206-1.3.6/libraries/org/spongepowered/mixin/0.8.2/mixin-0.8.2.jar Service=ModLauncher Env=CLIENT
[14Mar2021 13:11:03.881] [main/INFO] [cpw.mods.modlauncher.LaunchServiceHandler/MODLAUNCHER]: Launching target 'fmlclient' with arguments [--gameDir, /home/stoozy/Downloads/sml/target/debug/instances/All the Mods 6-1.3.6, --assetsDir, /home/stoozy/Downloads/sml/target/debug/instances/All the Mods 6-1.3.6/assets]
[14Mar2021 13:11:04.025] [main/INFO] [STDERR/]: [java.lang.ThreadGroup:uncaughtException:1052]: java.lang.RuntimeException: java.lang.reflect.InvocationTargetException
[14Mar2021 13:11:04.027] [main/INFO] [STDERR/]: [java.lang.ThreadGroup:uncaughtException:1052]: 	at cpw.mods.modlauncher.LaunchServiceHandlerDecorator.launch(LaunchServiceHandlerDecorator.java:39)
[14Mar2021 13:11:04.027] [main/INFO] [STDERR/]: [java.lang.ThreadGroup:uncaughtException:1052]: 	at cpw.mods.modlauncher.LaunchServiceHandler.launch(LaunchServiceHandler.java:54)
[14Mar2021 13:11:04.027] [main/INFO] [STDERR/]: [java.lang.ThreadGroup:uncaughtException:1052]: 	at cpw.mods.modlauncher.LaunchServiceHandler.launch(LaunchServiceHandler.java:72)
[14Mar2021 13:11:04.027] [main/INFO] [STDERR/]: [java.lang.ThreadGroup:uncaughtException:1052]: 	at cpw.mods.modlauncher.Launcher.run(Launcher.java:82)
[14Mar2021 13:11:04.028] [main/INFO] [STDERR/]: [java.lang.ThreadGroup:uncaughtException:1052]: 	at cpw.mods.modlauncher.Launcher.main(Launcher.java:66)
[14Mar2021 13:11:04.028] [main/INFO] [STDERR/]: [java.lang.ThreadGroup:uncaughtException:1061]: Caused by: java.lang.reflect.InvocationTargetException
[14Mar2021 13:11:04.028] [main/INFO] [STDERR/]: [java.lang.ThreadGroup:uncaughtException:1061]: 	at sun.reflect.NativeMethodAccessorImpl.invoke0(Native Method)
[14Mar2021 13:11:04.029] [main/INFO] [STDERR/]: [java.lang.ThreadGroup:uncaughtException:1061]: 	at sun.reflect.NativeMethodAccessorImpl.invoke(NativeMethodAccessorImpl.java:62)
[14Mar2021 13:11:04.029] [main/INFO] [STDERR/]: [java.lang.ThreadGroup:uncaughtException:1061]: 	at sun.reflect.DelegatingMethodAccessorImpl.invoke(DelegatingMethodAccessorImpl.java:43)
[14Mar2021 13:11:04.030] [main/INFO] [STDERR/]: [java.lang.ThreadGroup:uncaughtException:1061]: 	at java.lang.reflect.Method.invoke(Method.java:498)
[14Mar2021 13:11:04.035] [main/INFO] [STDERR/]: [java.lang.ThreadGroup:uncaughtException:1061]: 	at net.minecraftforge.fml.loading.FMLClientLaunchProvider.lambda$launchService$0(FMLClientLaunchProvider.java:51)
[14Mar2021 13:11:04.036] [main/INFO] [STDERR/]: [java.lang.ThreadGroup:uncaughtException:1061]: 	at cpw.mods.modlauncher.LaunchServiceHandlerDecorator.launch(LaunchServiceHandlerDecorator.java:37)
[14Mar2021 13:11:04.036] [main/INFO] [STDERR/]: [java.lang.ThreadGroup:uncaughtException:1061]: 	... 4 more
[14Mar2021 13:11:04.038] [main/INFO] [STDERR/]: [java.lang.Throwable:printStackTrace:644]: Caused by: joptsimple.MissingRequiredOptionsException: Missing required option(s) [accessToken, version]
[14Mar2021 13:11:04.039] [main/INFO] [STDERR/]: [java.lang.Throwable:printStackTrace:644]: 	at joptsimple.OptionParser.ensureRequiredOptions(OptionParser.java:426)
[14Mar2021 13:11:04.039] [main/INFO] [STDERR/]: [java.lang.Throwable:printStackTrace:644]: 	at joptsimple.OptionParser.parse(OptionParser.java:400)
[14Mar2021 13:11:04.040] [main/INFO] [STDERR/]: [java.lang.Throwable:printStackTrace:644]: 	at net.minecraft.client.main.Main.main(Main.java:77)
[14Mar2021 13:11:04.040] [main/INFO] [STDERR/]: [java.lang.Throwable:printStackTrace:644]: 	... 10 more
